Determining if the pthread_create exist failed with the following output:
Change Dir: /home/daniel/Workspace/UnitsOfMeasure/build/test/gtest/src/gtest-build/CMakeFiles/CMakeTmp

Run Build Command:"/usr/bin/make" "cmTryCompileExec845846636/fast"
make[3]: Entering directory '/home/daniel/Workspace/UnitsOfMeasure/build/test/gtest/src/gtest-build/CMakeFiles/CMakeTmp'
/usr/bin/make -f CMakeFiles/cmTryCompileExec845846636.dir/build.make CMakeFiles/cmTryCompileExec845846636.dir/build
make[4]: Entering directory '/home/daniel/Workspace/UnitsOfMeasure/build/test/gtest/src/gtest-build/CMakeFiles/CMakeTmp'
/usr/bin/cmake -E cmake_progress_report /home/daniel/Workspace/UnitsOfMeasure/build/test/gtest/src/gtest-build/CMakeFiles/CMakeTmp/CMakeFiles 1
Building C object CMakeFiles/cmTryCompileExec845846636.dir/CheckSymbolExists.c.o
/usr/bin/cc    -o CMakeFiles/cmTryCompileExec845846636.dir/CheckSymbolExists.c.o   -c /home/daniel/Workspace/UnitsOfMeasure/build/test/gtest/src/gtest-build/CMakeFiles/CMakeTmp/CheckSymbolExists.c
Linking C executable cmTryCompileExec845846636
/usr/bin/cmake -E cmake_link_script CMakeFiles/cmTryCompileExec845846636.dir/link.txt --verbose=1
/usr/bin/cc       CMakeFiles/cmTryCompileExec845846636.dir/CheckSymbolExists.c.o  -o cmTryCompileExec845846636 -rdynamic 
CMakeFiles/cmTryCompileExec845846636.dir/CheckSymbolExists.c.o: In function `main':
CheckSymbolExists.c:(.text+0x16): undefined reference to `pthread_create'
collect2: error: ld returned 1 exit status
CMakeFiles/cmTryCompileExec845846636.dir/build.make:88: recipe for target 'cmTryCompileExec845846636' failed
make[4]: Leaving directory '/home/daniel/Workspace/UnitsOfMeasure/build/test/gtest/src/gtest-build/CMakeFiles/CMakeTmp'
Makefile:117: recipe for target 'cmTryCompileExec845846636/fast' failed
make[3]: Leaving directory '/home/daniel/Workspace/UnitsOfMeasure/build/test/gtest/src/gtest-build/CMakeFiles/CMakeTmp'
make[4]: *** [cmTryCompileExec845846636] Error 1
make[3]: *** [cmTryCompileExec845846636/fast] Error 2

File /home/daniel/Workspace/UnitsOfMeasure/build/test/gtest/src/gtest-build/CMakeFiles/CMakeTmp/CheckSymbolExists.c:
/* */
#include <pthread.h>

int main(int argc, char** argv)
{
  (void)argv;
#ifndef pthread_create
  return ((int*)(&pthread_create))[argc];
#else
  (void)argc;
  return 0;
#endif
}

Determining if the function pthread_create exists in the pthreads failed with the following output:
Change Dir: /home/daniel/Workspace/UnitsOfMeasure/build/test/gtest/src/gtest-build/CMakeFiles/CMakeTmp

Run Build Command:"/usr/bin/make" "cmTryCompileExec1572580881/fast"
make[3]: Entering directory '/home/daniel/Workspace/UnitsOfMeasure/build/test/gtest/src/gtest-build/CMakeFiles/CMakeTmp'
/usr/bin/make -f CMakeFiles/cmTryCompileExec1572580881.dir/build.make CMakeFiles/cmTryCompileExec1572580881.dir/build
make[4]: Entering directory '/home/daniel/Workspace/UnitsOfMeasure/build/test/gtest/src/gtest-build/CMakeFiles/CMakeTmp'
/usr/bin/cmake -E cmake_progress_report /home/daniel/Workspace/UnitsOfMeasure/build/test/gtest/src/gtest-build/CMakeFiles/CMakeTmp/CMakeFiles 1
Building C object CMakeFiles/cmTryCompileExec1572580881.dir/CheckFunctionExists.c.o
/usr/bin/cc   -DCHECK_FUNCTION_EXISTS=pthread_create   -o CMakeFiles/cmTryCompileExec1572580881.dir/CheckFunctionExists.c.o   -c /usr/share/cmake-3.2/Modules/CheckFunctionExists.c
Linking C executable cmTryCompileExec1572580881
/usr/bin/cmake -E cmake_link_script CMakeFiles/cmTryCompileExec1572580881.dir/link.txt --verbose=1
/usr/bin/cc   -DCHECK_FUNCTION_EXISTS=pthread_create    CMakeFiles/cmTryCompileExec1572580881.dir/CheckFunctionExists.c.o  -o cmTryCompileExec1572580881 -rdynamic -lpthreads 
/usr/bin/ld: cannot find -lpthreads
CMakeFiles/cmTryCompileExec1572580881.dir/build.make:88: recipe for target 'cmTryCompileExec1572580881' failed
make[4]: Leaving directory '/home/daniel/Workspace/UnitsOfMeasure/build/test/gtest/src/gtest-build/CMakeFiles/CMakeTmp'
Makefile:117: recipe for target 'cmTryCompileExec1572580881/fast' failed
make[3]: Leaving directory '/home/daniel/Workspace/UnitsOfMeasure/build/test/gtest/src/gtest-build/CMakeFiles/CMakeTmp'
collect2: error: ld returned 1 exit status
make[4]: *** [cmTryCompileExec1572580881] Error 1
make[3]: *** [cmTryCompileExec1572580881/fast] Error 2


