Determining if the pthread_create exist failed with the following output:
Change Dir: /home/daniel/Workspace/UnitsOfMeasure/build/CMakeFiles/CMakeTmp

Run Build Command:"/usr/bin/make" "cmTryCompileExec2555969979/fast"
/usr/bin/make -f CMakeFiles/cmTryCompileExec2555969979.dir/build.make CMakeFiles/cmTryCompileExec2555969979.dir/build
make[1]: Entering directory '/home/daniel/Workspace/UnitsOfMeasure/build/CMakeFiles/CMakeTmp'
/usr/bin/cmake -E cmake_progress_report /home/daniel/Workspace/UnitsOfMeasure/build/CMakeFiles/CMakeTmp/CMakeFiles 1
Building C object CMakeFiles/cmTryCompileExec2555969979.dir/CheckSymbolExists.c.o
/usr/bin/cc    -o CMakeFiles/cmTryCompileExec2555969979.dir/CheckSymbolExists.c.o   -c /home/daniel/Workspace/UnitsOfMeasure/build/CMakeFiles/CMakeTmp/CheckSymbolExists.c
Linking C executable cmTryCompileExec2555969979
/usr/bin/cmake -E cmake_link_script CMakeFiles/cmTryCompileExec2555969979.dir/link.txt --verbose=1
/usr/bin/cc       CMakeFiles/cmTryCompileExec2555969979.dir/CheckSymbolExists.c.o  -o cmTryCompileExec2555969979 -rdynamic 
CMakeFiles/cmTryCompileExec2555969979.dir/CheckSymbolExists.c.o: In function `main':
CheckSymbolExists.c:(.text+0x16): undefined reference to `pthread_create'
CMakeFiles/cmTryCompileExec2555969979.dir/build.make:88: recipe for target 'cmTryCompileExec2555969979' failed
make[1]: Leaving directory '/home/daniel/Workspace/UnitsOfMeasure/build/CMakeFiles/CMakeTmp'
Makefile:117: recipe for target 'cmTryCompileExec2555969979/fast' failed
collect2: error: ld returned 1 exit status
make[1]: *** [cmTryCompileExec2555969979] Error 1
make: *** [cmTryCompileExec2555969979/fast] Error 2

File /home/daniel/Workspace/UnitsOfMeasure/build/CMakeFiles/CMakeTmp/CheckSymbolExists.c:
/* */
#include <pthread.h>

int main(int argc, char** argv)
{
  (void)argv;
#ifndef pthread_create
  return ((int*)(&pthread_create))[argc];
#else
  (void)argc;
  return 0;
#endif
}

Determining if the function pthread_create exists in the pthreads failed with the following output:
Change Dir: /home/daniel/Workspace/UnitsOfMeasure/build/CMakeFiles/CMakeTmp

Run Build Command:"/usr/bin/make" "cmTryCompileExec3828596404/fast"
/usr/bin/make -f CMakeFiles/cmTryCompileExec3828596404.dir/build.make CMakeFiles/cmTryCompileExec3828596404.dir/build
make[1]: Entering directory '/home/daniel/Workspace/UnitsOfMeasure/build/CMakeFiles/CMakeTmp'
/usr/bin/cmake -E cmake_progress_report /home/daniel/Workspace/UnitsOfMeasure/build/CMakeFiles/CMakeTmp/CMakeFiles 1
Building C object CMakeFiles/cmTryCompileExec3828596404.dir/CheckFunctionExists.c.o
/usr/bin/cc   -DCHECK_FUNCTION_EXISTS=pthread_create   -o CMakeFiles/cmTryCompileExec3828596404.dir/CheckFunctionExists.c.o   -c /usr/share/cmake-3.2/Modules/CheckFunctionExists.c
Linking C executable cmTryCompileExec3828596404
/usr/bin/cmake -E cmake_link_script CMakeFiles/cmTryCompileExec3828596404.dir/link.txt --verbose=1
/usr/bin/cc   -DCHECK_FUNCTION_EXISTS=pthread_create    CMakeFiles/cmTryCompileExec3828596404.dir/CheckFunctionExists.c.o  -o cmTryCompileExec3828596404 -rdynamic -lpthreads 
/usr/bin/ld: cannot find -lpthreads
collect2: error: ld returned 1 exit status
CMakeFiles/cmTryCompileExec3828596404.dir/build.make:88: recipe for target 'cmTryCompileExec3828596404' failed
make[1]: Leaving directory '/home/daniel/Workspace/UnitsOfMeasure/build/CMakeFiles/CMakeTmp'
Makefile:117: recipe for target 'cmTryCompileExec3828596404/fast' failed
make[1]: *** [cmTryCompileExec3828596404] Error 1
make: *** [cmTryCompileExec3828596404/fast] Error 2


