Determining if the pthread_create exist failed with the following output:
Change Dir: /home/daniel/Workspace/UnitsOfMeasure/build/test/gmock/src/gmock-build/CMakeFiles/CMakeTmp

Run Build Command:"/usr/bin/make" "cmTryCompileExec1220482717/fast"
make[3]: Entering directory '/home/daniel/Workspace/UnitsOfMeasure/build/test/gmock/src/gmock-build/CMakeFiles/CMakeTmp'
/usr/bin/make -f CMakeFiles/cmTryCompileExec1220482717.dir/build.make CMakeFiles/cmTryCompileExec1220482717.dir/build
make[4]: Entering directory '/home/daniel/Workspace/UnitsOfMeasure/build/test/gmock/src/gmock-build/CMakeFiles/CMakeTmp'
/usr/bin/cmake -E cmake_progress_report /home/daniel/Workspace/UnitsOfMeasure/build/test/gmock/src/gmock-build/CMakeFiles/CMakeTmp/CMakeFiles 1
Building C object CMakeFiles/cmTryCompileExec1220482717.dir/CheckSymbolExists.c.o
/usr/bin/cc    -o CMakeFiles/cmTryCompileExec1220482717.dir/CheckSymbolExists.c.o   -c /home/daniel/Workspace/UnitsOfMeasure/build/test/gmock/src/gmock-build/CMakeFiles/CMakeTmp/CheckSymbolExists.c
Linking C executable cmTryCompileExec1220482717
/usr/bin/cmake -E cmake_link_script CMakeFiles/cmTryCompileExec1220482717.dir/link.txt --verbose=1
/usr/bin/cc       CMakeFiles/cmTryCompileExec1220482717.dir/CheckSymbolExists.c.o  -o cmTryCompileExec1220482717 -rdynamic 
CMakeFiles/cmTryCompileExec1220482717.dir/CheckSymbolExists.c.o: In function `main':
CheckSymbolExists.c:(.text+0x16): undefined reference to `pthread_create'
CMakeFiles/cmTryCompileExec1220482717.dir/build.make:88: recipe for target 'cmTryCompileExec1220482717' failed
make[4]: Leaving directory '/home/daniel/Workspace/UnitsOfMeasure/build/test/gmock/src/gmock-build/CMakeFiles/CMakeTmp'
Makefile:117: recipe for target 'cmTryCompileExec1220482717/fast' failed
make[3]: Leaving directory '/home/daniel/Workspace/UnitsOfMeasure/build/test/gmock/src/gmock-build/CMakeFiles/CMakeTmp'
collect2: error: ld returned 1 exit status
make[4]: *** [cmTryCompileExec1220482717] Error 1
make[3]: *** [cmTryCompileExec1220482717/fast] Error 2

File /home/daniel/Workspace/UnitsOfMeasure/build/test/gmock/src/gmock-build/CMakeFiles/CMakeTmp/CheckSymbolExists.c:
/* */
#include <pthread.h>

int main(int argc, char** argv)
{
  (void)argv;
#ifndef pthread_create
  return ((int*)(&pthread_create))[argc];
#else
  (void)argc;
  return 0;
#endif
}

Determining if the function pthread_create exists in the pthreads failed with the following output:
Change Dir: /home/daniel/Workspace/UnitsOfMeasure/build/test/gmock/src/gmock-build/CMakeFiles/CMakeTmp

Run Build Command:"/usr/bin/make" "cmTryCompileExec1940650679/fast"
make[3]: Entering directory '/home/daniel/Workspace/UnitsOfMeasure/build/test/gmock/src/gmock-build/CMakeFiles/CMakeTmp'
/usr/bin/make -f CMakeFiles/cmTryCompileExec1940650679.dir/build.make CMakeFiles/cmTryCompileExec1940650679.dir/build
make[4]: Entering directory '/home/daniel/Workspace/UnitsOfMeasure/build/test/gmock/src/gmock-build/CMakeFiles/CMakeTmp'
/usr/bin/cmake -E cmake_progress_report /home/daniel/Workspace/UnitsOfMeasure/build/test/gmock/src/gmock-build/CMakeFiles/CMakeTmp/CMakeFiles 1
Building C object CMakeFiles/cmTryCompileExec1940650679.dir/CheckFunctionExists.c.o
/usr/bin/cc   -DCHECK_FUNCTION_EXISTS=pthread_create   -o CMakeFiles/cmTryCompileExec1940650679.dir/CheckFunctionExists.c.o   -c /usr/share/cmake-3.2/Modules/CheckFunctionExists.c
Linking C executable cmTryCompileExec1940650679
/usr/bin/cmake -E cmake_link_script CMakeFiles/cmTryCompileExec1940650679.dir/link.txt --verbose=1
/usr/bin/cc   -DCHECK_FUNCTION_EXISTS=pthread_create    CMakeFiles/cmTryCompileExec1940650679.dir/CheckFunctionExists.c.o  -o cmTryCompileExec1940650679 -rdynamic -lpthreads 
/usr/bin/ld: cannot find -lpthreads
CMakeFiles/cmTryCompileExec1940650679.dir/build.make:88: recipe for target 'cmTryCompileExec1940650679' failed
make[4]: Leaving directory '/home/daniel/Workspace/UnitsOfMeasure/build/test/gmock/src/gmock-build/CMakeFiles/CMakeTmp'
Makefile:117: recipe for target 'cmTryCompileExec1940650679/fast' failed
make[3]: Leaving directory '/home/daniel/Workspace/UnitsOfMeasure/build/test/gmock/src/gmock-build/CMakeFiles/CMakeTmp'
collect2: error: ld returned 1 exit status
make[4]: *** [cmTryCompileExec1940650679] Error 1
make[3]: *** [cmTryCompileExec1940650679/fast] Error 2


